<?xml version="1.0" encoding="UTF-8"?>
<!-- Generated by org.testng.reporters.JUnitReportReporter -->
<testsuite hostname="Subhrajeet" failures="0" tests="1" name="POM.ActiTIME.EXECCUTION.Assignments" time="0.666" errors="0" timestamp="2023-07-24T05:36:30 IST" skipped="0">
  <testcase classname="POM.ActiTIME.EXECCUTION.Assignments" name="ActiTIME_LOGIN" time="0.666"/>
</testsuite> <!-- POM.ActiTIME.EXECCUTION.Assignments -->
