<?xml version="1.0" encoding="UTF-8"?>
<!-- Generated by org.testng.reporters.JUnitReportReporter -->
<testsuite hostname="Subhrajeet" failures="0" tests="1" name="POM.ActiTIME.EXECCUTION.sriti" time="0.006" errors="0" timestamp="2023-07-24T05:50:56 IST" skipped="0">
  <testcase classname="POM.ActiTIME.EXECCUTION.sriti" name="sriti" time="0.006"/>
</testsuite> <!-- POM.ActiTIME.EXECCUTION.sriti -->
