<?xml version="1.0" encoding="UTF-8"?>
<!-- Generated by org.testng.reporters.JUnitReportReporter -->
<testsuite hostname="Subhrajeet" failures="0" tests="4" name="POM.ActiTIME.EXECCUTION.Assignments" time="13.629" errors="0" timestamp="2023-07-25T20:45:33 IST" skipped="2">
  <testcase classname="POM.ActiTIME.EXECCUTION.Assignments" name="ActiTIME_LOGIN" time="0.939"/>
  <testcase classname="POM.ActiTIME.EXECCUTION.Assignments" name="create_delete_work" time="12.690"/>
  <testcase classname="POM.ActiTIME.EXECCUTION.Assignments" name="create_delete_leave">
    <skipped/>
  </testcase> <!-- create_delete_leave -->
  <testcase classname="POM.ActiTIME.EXECCUTION.Assignments" name="create_delete_customer">
    <skipped/>
  </testcase> <!-- create_delete_customer -->
</testsuite> <!-- POM.ActiTIME.EXECCUTION.Assignments -->
